<?xml version="1.0" encoding="UTF-8"?>
<testsuite name="linter.AppTest" tests="5" skipped="0" failures="0" errors="0" timestamp="2021-10-16T16:31:35" hostname="LTUCSTUDENT-L16" time="0.048">
  <properties/>
  <testcase name="testLinterFewErrors()" classname="linter.AppTest" time="0.033"/>
  <testcase name="testLinterManyErrors()" classname="linter.AppTest" time="0.004"/>
  <testcase name="testLinterNoErrors()" classname="linter.AppTest" time="0.003"/>
  <testcase name="testLinterEmptyFile()" classname="linter.AppTest" time="0.002"/>
  <testcase name="testLinterOneError()" classname="linter.AppTest" time="0.003"/>
  <system-out><![CDATA[]]></system-out>
  <system-err><![CDATA[]]></system-err>
</testsuite>
